<?xml version="1.0" encoding="UTF-8"?>
<!-- Generated by org.testng.reporters.JUnitReportReporter -->
<testsuite hostname="RAYAN" failures="0" tests="2" name="TestRunner.runnerClass" time="20.367" errors="0" timestamp="2023-09-11T10:22:04 EDT" skipped="0">
  <testcase classname="TestRunner.runnerClass" name="feature" time="7.313"/>
  <testcase classname="TestRunner.runnerClass" name="feature" time="13.054"/>
</testsuite> <!-- TestRunner.runnerClass -->
